<?xml version="1.0" encoding="UTF-8"?>
<!-- Generated by org.testng.reporters.JUnitXMLReporter -->
<testsuite ignored="2" hostname="SRAINA-NB" failures="0" tests="1" name="Default test" time="1.058" errors="0" timestamp="2022-12-27T09:18:10 CET">
  <testcase classname="com.filloTests.FilloTests.DataTest" name="insertTest" time="1.033"/>
  <testcase classname="com.filloTests.FilloTests.DataTest" name="getTest" time="0.0">
    <ignored/>
  </testcase> <!-- getTest -->
  <testcase classname="com.filloTests.FilloTests.DataTest" name="updateTest" time="0.0">
    <ignored/>
  </testcase> <!-- updateTest -->
</testsuite> <!-- Default test -->
