<?xml version="1.0" encoding="UTF-8"?>
<testng-results ignored="2" total="3" passed="1" failed="0" skipped="0">
  <reporter-output>
  </reporter-output>
  <suite started-at="2022-12-28T19:22:07 CET" name="Default suite" finished-at="2022-12-28T19:22:08 CET" duration-ms="1040">
    <groups>
    </groups>
    <test started-at="2022-12-28T19:22:07 CET" name="Default test" finished-at="2022-12-28T19:22:08 CET" duration-ms="1040">
      <class name="com.filloTests.FilloTests.DataTest">
        <test-method signature="insertTest()[pri:0, instance:com.filloTests.FilloTests.DataTest@2892dae4]" started-at="2022-12-28T19:22:07 CET" name="insertTest" finished-at="2022-12-28T19:22:08 CET" duration-ms="1007" status="PASS">
          <reporter-output>
          </reporter-output>
        </test-method> <!-- insertTest -->
      </class> <!-- com.filloTests.FilloTests.DataTest -->
    </test> <!-- Default test -->
  </suite> <!-- Default suite -->
</testng-results>
